2025-03-29 21:51:24,361 INFO: ResumeAI startup [in C:\Users\didif\OneDrive\Desktop\school\Spring 2025\n8n cursor\app.py:28]
2025-03-29 21:51:25,418 INFO: All services initialized successfully [in C:\Users\didif\OneDrive\Desktop\school\Spring 2025\n8n cursor\app.py:45]
2025-03-29 21:51:48,794 INFO: Processing file: resume_test.pdf [in C:\Users\didif\OneDrive\Desktop\school\Spring 2025\n8n cursor\app.py:74]
2025-03-29 21:51:48,802 INFO: Uploading to Google Drive [in C:\Users\didif\OneDrive\Desktop\school\Spring 2025\n8n cursor\app.py:83]
2025-03-29 21:51:48,802 ERROR: Error processing resume: 'DriveService' object has no attribute 'upload_file' [in C:\Users\didif\OneDrive\Desktop\school\Spring 2025\n8n cursor\app.py:108]
2025-03-29 21:51:48,805 INFO: Temporary file removed [in C:\Users\didif\OneDrive\Desktop\school\Spring 2025\n8n cursor\app.py:118]
2025-03-29 21:53:03,727 INFO: Processing file: resume_test.pdf [in C:\Users\didif\OneDrive\Desktop\school\Spring 2025\n8n cursor\app.py:74]
2025-03-29 21:53:03,728 INFO: Uploading to Google Drive [in C:\Users\didif\OneDrive\Desktop\school\Spring 2025\n8n cursor\app.py:83]
2025-03-29 21:53:03,729 ERROR: Error processing resume: 'DriveService' object has no attribute 'upload_file' [in C:\Users\didif\OneDrive\Desktop\school\Spring 2025\n8n cursor\app.py:108]
2025-03-29 21:53:03,729 INFO: Temporary file removed [in C:\Users\didif\OneDrive\Desktop\school\Spring 2025\n8n cursor\app.py:118]
2025-03-29 21:53:38,931 INFO: Processing file: resume_test.pdf [in C:\Users\didif\OneDrive\Desktop\school\Spring 2025\n8n cursor\app.py:74]
2025-03-29 21:53:38,933 INFO: Uploading to Google Drive [in C:\Users\didif\OneDrive\Desktop\school\Spring 2025\n8n cursor\app.py:83]
2025-03-29 21:53:38,934 ERROR: Error processing resume: 'DriveService' object has no attribute 'upload_file' [in C:\Users\didif\OneDrive\Desktop\school\Spring 2025\n8n cursor\app.py:108]
2025-03-29 21:53:38,935 INFO: Temporary file removed [in C:\Users\didif\OneDrive\Desktop\school\Spring 2025\n8n cursor\app.py:118]
2025-03-29 21:57:21,185 INFO: ResumeAI startup [in C:\Users\didif\OneDrive\Desktop\school\Spring 2025\n8n cursor\app.py:28]
2025-03-29 21:57:22,207 INFO: All services initialized successfully [in C:\Users\didif\OneDrive\Desktop\school\Spring 2025\n8n cursor\app.py:45]
2025-03-29 21:57:39,680 INFO: Processing file: resume_test.pdf [in C:\Users\didif\OneDrive\Desktop\school\Spring 2025\n8n cursor\app.py:74]
2025-03-29 21:57:39,682 INFO: Uploading to Google Drive [in C:\Users\didif\OneDrive\Desktop\school\Spring 2025\n8n cursor\app.py:83]
2025-03-29 21:57:41,063 INFO: Parsing resume [in C:\Users\didif\OneDrive\Desktop\school\Spring 2025\n8n cursor\app.py:87]
2025-03-29 21:57:41,064 ERROR: Error processing resume: 'SupabaseService' object has no attribute 'parse_resume' [in C:\Users\didif\OneDrive\Desktop\school\Spring 2025\n8n cursor\app.py:108]
2025-03-29 21:57:41,064 INFO: Temporary file removed [in C:\Users\didif\OneDrive\Desktop\school\Spring 2025\n8n cursor\app.py:118]
2025-03-29 22:06:08,159 INFO: ResumeAI startup [in C:\Users\didif\OneDrive\Desktop\school\Spring 2025\n8n cursor\app.py:28]
2025-03-29 22:06:09,179 INFO: All services initialized successfully [in C:\Users\didif\OneDrive\Desktop\school\Spring 2025\n8n cursor\app.py:45]
2025-03-29 22:06:23,820 INFO: Processing file: resume_test.pdf [in C:\Users\didif\OneDrive\Desktop\school\Spring 2025\n8n cursor\app.py:74]
2025-03-29 22:06:23,822 INFO: Uploading to Google Drive [in C:\Users\didif\OneDrive\Desktop\school\Spring 2025\n8n cursor\app.py:83]
2025-03-29 22:06:25,500 INFO: File uploaded successfully to Google Drive [in C:\Users\didif\OneDrive\Desktop\school\Spring 2025\n8n cursor\app.py:86]
2025-03-29 22:06:25,501 INFO: Temporary file removed [in C:\Users\didif\OneDrive\Desktop\school\Spring 2025\n8n cursor\app.py:103]
2025-03-29 22:08:53,066 INFO: Processing file: resume_test.pdf [in C:\Users\didif\OneDrive\Desktop\school\Spring 2025\n8n cursor\app.py:74]
2025-03-29 22:08:53,069 INFO: Uploading to Google Drive [in C:\Users\didif\OneDrive\Desktop\school\Spring 2025\n8n cursor\app.py:83]
2025-03-29 22:08:54,038 INFO: File uploaded successfully to Google Drive [in C:\Users\didif\OneDrive\Desktop\school\Spring 2025\n8n cursor\app.py:86]
2025-03-29 22:08:54,039 INFO: Temporary file removed [in C:\Users\didif\OneDrive\Desktop\school\Spring 2025\n8n cursor\app.py:103]
2025-03-29 22:09:15,687 INFO: Processing file: resume_test.pdf [in C:\Users\didif\OneDrive\Desktop\school\Spring 2025\n8n cursor\app.py:74]
2025-03-29 22:09:15,689 INFO: Uploading to Google Drive [in C:\Users\didif\OneDrive\Desktop\school\Spring 2025\n8n cursor\app.py:83]
2025-03-29 22:09:16,703 INFO: File uploaded successfully to Google Drive [in C:\Users\didif\OneDrive\Desktop\school\Spring 2025\n8n cursor\app.py:86]
2025-03-29 22:09:16,704 INFO: Temporary file removed [in C:\Users\didif\OneDrive\Desktop\school\Spring 2025\n8n cursor\app.py:103]
2025-03-30 13:17:29,898 INFO: ResumeAI startup [in C:\Users\didif\OneDrive\Desktop\school\Spring 2025\n8n cursor\app.py:28]
2025-03-30 13:17:31,175 INFO: All services initialized successfully [in C:\Users\didif\OneDrive\Desktop\school\Spring 2025\n8n cursor\app.py:45]
2025-03-30 13:17:51,236 WARNING: 404 error: http://127.0.0.1:5000/favicon.ico [in C:\Users\didif\OneDrive\Desktop\school\Spring 2025\n8n cursor\app.py:122]
2025-03-30 13:18:06,272 INFO: Processing file: resume_test.pdf [in C:\Users\didif\OneDrive\Desktop\school\Spring 2025\n8n cursor\app.py:74]
2025-03-30 13:18:06,274 INFO: Uploading to Google Drive [in C:\Users\didif\OneDrive\Desktop\school\Spring 2025\n8n cursor\app.py:83]
2025-03-30 13:18:06,276 ERROR: Error uploading to Google Drive: 'DriveService' object has no attribute 'MIME_TYPES' [in C:\Users\didif\OneDrive\Desktop\school\Spring 2025\n8n cursor\app.py:93]
2025-03-30 13:18:06,276 INFO: Temporary file removed [in C:\Users\didif\OneDrive\Desktop\school\Spring 2025\n8n cursor\app.py:103]
2025-03-30 13:18:37,455 INFO: ResumeAI startup [in C:\Users\didif\OneDrive\Desktop\school\Spring 2025\n8n cursor\app.py:28]
2025-03-30 13:18:38,594 INFO: All services initialized successfully [in C:\Users\didif\OneDrive\Desktop\school\Spring 2025\n8n cursor\app.py:45]
2025-03-30 13:18:48,266 INFO: Processing file: resume_test.pdf [in C:\Users\didif\OneDrive\Desktop\school\Spring 2025\n8n cursor\app.py:74]
2025-03-30 13:18:48,268 INFO: Uploading to Google Drive [in C:\Users\didif\OneDrive\Desktop\school\Spring 2025\n8n cursor\app.py:83]
2025-03-30 13:18:49,641 INFO: File uploaded successfully to Google Drive [in C:\Users\didif\OneDrive\Desktop\school\Spring 2025\n8n cursor\app.py:86]
2025-03-30 13:18:49,642 INFO: Temporary file removed [in C:\Users\didif\OneDrive\Desktop\school\Spring 2025\n8n cursor\app.py:103]
2025-03-30 13:21:57,588 INFO: ResumeAI startup [in C:\Users\didif\OneDrive\Desktop\school\Spring 2025\n8n cursor\app.py:28]
2025-03-30 13:21:58,782 INFO: All services initialized successfully [in C:\Users\didif\OneDrive\Desktop\school\Spring 2025\n8n cursor\app.py:45]
2025-03-30 13:22:14,872 INFO: Processing file: resume_test.pdf [in C:\Users\didif\OneDrive\Desktop\school\Spring 2025\n8n cursor\app.py:74]
2025-03-30 13:22:14,873 INFO: Uploading to Google Drive [in C:\Users\didif\OneDrive\Desktop\school\Spring 2025\n8n cursor\app.py:83]
2025-03-30 13:22:16,418 INFO: File uploaded successfully to Google Drive [in C:\Users\didif\OneDrive\Desktop\school\Spring 2025\n8n cursor\app.py:86]
2025-03-30 13:22:16,419 INFO: Temporary file removed [in C:\Users\didif\OneDrive\Desktop\school\Spring 2025\n8n cursor\app.py:103]
2025-03-30 13:25:19,887 INFO: ResumeAI startup [in C:\Users\didif\OneDrive\Desktop\school\Spring 2025\n8n cursor\app.py:28]
2025-03-30 13:25:20,940 INFO: All services initialized successfully [in C:\Users\didif\OneDrive\Desktop\school\Spring 2025\n8n cursor\app.py:45]
2025-03-30 13:25:37,347 INFO: Processing file: resume_test.pdf [in C:\Users\didif\OneDrive\Desktop\school\Spring 2025\n8n cursor\app.py:74]
2025-03-30 13:25:37,349 INFO: Uploading to Google Drive [in C:\Users\didif\OneDrive\Desktop\school\Spring 2025\n8n cursor\app.py:83]
2025-03-30 13:25:38,811 INFO: File uploaded successfully to Google Drive [in C:\Users\didif\OneDrive\Desktop\school\Spring 2025\n8n cursor\app.py:86]
2025-03-30 13:25:38,811 INFO: Temporary file removed [in C:\Users\didif\OneDrive\Desktop\school\Spring 2025\n8n cursor\app.py:103]
